2021-06-02 19:57:14,056 : INFO : dropbox_connect : get_dropbox_files : Fetching data from dropbox
2021-06-02 19:57:14,057 : INFO : dropbox : request_json_string_with_retry : Request to files/list_folder
2021-06-02 19:57:14,841 : ERROR : dropbox_connect : get_dropbox_files : 'file_path'
2021-06-02 19:57:14,841 : ERROR : dropbox_connect : get_dropbox_files : Fetching data from dropbox failed
2021-06-02 19:58:13,832 : INFO : dropbox_connect : get_dropbox_files : Fetching data from dropbox
2021-06-02 19:58:13,833 : INFO : dropbox : request_json_string_with_retry : Request to files/list_folder
2021-06-02 19:58:14,647 : INFO : dropbox : request_json_string_with_retry : Request to files/download
2021-06-02 19:58:15,964 : INFO : dropbox : request_json_string_with_retry : Request to sharing/create_shared_link
2021-06-02 19:58:16,728 : INFO : dropbox : request_json_string_with_retry : Request to files/download
2021-06-02 19:58:17,434 : INFO : dropbox : request_json_string_with_retry : Request to sharing/create_shared_link
2021-06-02 19:58:18,356 : INFO : dropbox : request_json_string_with_retry : Request to files/download
2021-06-02 19:58:19,420 : INFO : dropbox : request_json_string_with_retry : Request to sharing/create_shared_link
2021-06-02 19:58:20,211 : INFO : dropbox : request_json_string_with_retry : Request to files/download
2021-06-02 19:58:22,120 : INFO : dropbox : request_json_string_with_retry : Request to sharing/create_shared_link
2021-06-02 19:58:23,173 : INFO : dropbox : request_json_string_with_retry : Request to files/download
2021-06-02 19:58:23,806 : INFO : dropbox : request_json_string_with_retry : Request to sharing/create_shared_link
2021-06-02 19:58:24,809 : INFO : dropbox : request_json_string_with_retry : Request to files/download
2021-06-02 19:58:25,429 : INFO : dropbox : request_json_string_with_retry : Request to sharing/create_shared_link
2021-06-02 19:58:26,242 : INFO : dropbox : request_json_string_with_retry : Request to files/download
2021-06-02 19:58:26,858 : INFO : dropbox : request_json_string_with_retry : Request to sharing/create_shared_link
2021-06-02 19:58:27,883 : INFO : dropbox : request_json_string_with_retry : Request to files/download
2021-06-02 19:58:28,590 : INFO : dropbox : request_json_string_with_retry : Request to sharing/create_shared_link
2021-06-02 19:58:29,413 : INFO : dropbox : request_json_string_with_retry : Request to files/download
2021-06-02 19:58:36,607 : INFO : dropbox : request_json_string_with_retry : Request to sharing/create_shared_link
2021-06-02 19:58:37,524 : INFO : dropbox_connect : get_dropbox_files : Fetching data from dropbox successful
2021-06-02 20:01:48,335 : INFO : dropbox_connect : get_dropbox_files : Fetching data from dropbox
2021-06-02 20:01:48,336 : INFO : dropbox : request_json_string_with_retry : Request to files/list_folder
2021-06-02 20:01:49,201 : INFO : dropbox_connect : __get_file_data : Fetching data for /Search_API Interview Assignment - Backend SWE (2) (1).pdf file
2021-06-02 20:01:49,202 : INFO : dropbox : request_json_string_with_retry : Request to files/download
2021-06-02 20:01:50,224 : INFO : dropbox_connect : __get_file_data : Extracting text from /Search_API Interview Assignment - Backend SWE (2) (1).pdf file
2021-06-02 20:01:50,528 : INFO : dropbox_connect : __get_file_data : Creating shareable link for /Search_API Interview Assignment - Backend SWE (2) (1).pdf file
2021-06-02 20:01:50,528 : INFO : dropbox : request_json_string_with_retry : Request to sharing/create_shared_link
2021-06-02 20:01:51,453 : INFO : dropbox_connect : __get_file_data : Fetching data for /gitpat.txt file
2021-06-02 20:01:51,454 : INFO : dropbox : request_json_string_with_retry : Request to files/download
2021-06-02 20:01:52,271 : INFO : dropbox_connect : __get_file_data : Extracting text from /gitpat.txt file
2021-06-02 20:01:52,271 : INFO : dropbox_connect : __get_file_data : Creating shareable link for /gitpat.txt file
2021-06-02 20:01:52,271 : INFO : dropbox : request_json_string_with_retry : Request to sharing/create_shared_link
2021-06-02 20:01:53,295 : INFO : dropbox_connect : __get_file_data : Fetching data for /Abhilash Resume.pdf file
2021-06-02 20:01:53,296 : INFO : dropbox : request_json_string_with_retry : Request to files/download
2021-06-02 20:01:53,907 : INFO : dropbox_connect : __get_file_data : Extracting text from /Abhilash Resume.pdf file
2021-06-02 20:01:53,997 : INFO : dropbox_connect : __get_file_data : Creating shareable link for /Abhilash Resume.pdf file
2021-06-02 20:01:53,997 : INFO : dropbox : request_json_string_with_retry : Request to sharing/create_shared_link
2021-06-02 20:01:54,832 : INFO : dropbox_connect : __get_file_data : Fetching data for /Anupma_Resume.pdf file
2021-06-02 20:01:54,833 : INFO : dropbox : request_json_string_with_retry : Request to files/download
2021-06-02 20:01:55,547 : INFO : dropbox_connect : __get_file_data : Extracting text from /Anupma_Resume.pdf file
2021-06-02 20:01:55,855 : INFO : dropbox_connect : __get_file_data : Creating shareable link for /Anupma_Resume.pdf file
2021-06-02 20:01:55,855 : INFO : dropbox : request_json_string_with_retry : Request to sharing/create_shared_link
2021-06-02 20:01:56,870 : INFO : dropbox_connect : __get_file_data : Fetching data for /Anurag Sengupta - Resume.pdf file
2021-06-02 20:01:56,871 : INFO : dropbox : request_json_string_with_retry : Request to files/download
2021-06-02 20:01:57,594 : INFO : dropbox_connect : __get_file_data : Extracting text from /Anurag Sengupta - Resume.pdf file
2021-06-02 20:01:57,603 : INFO : dropbox_connect : __get_file_data : Creating shareable link for /Anurag Sengupta - Resume.pdf file
2021-06-02 20:01:57,603 : INFO : dropbox : request_json_string_with_retry : Request to sharing/create_shared_link
2021-06-02 20:01:58,287 : INFO : dropbox_connect : __get_file_data : Fetching data for /Reimbursment form.pdf file
2021-06-02 20:01:58,287 : INFO : dropbox : request_json_string_with_retry : Request to files/download
2021-06-02 20:01:59,031 : INFO : dropbox_connect : __get_file_data : Extracting text from /Reimbursment form.pdf file
2021-06-02 20:01:59,034 : INFO : dropbox_connect : __get_file_data : Creating shareable link for /Reimbursment form.pdf file
2021-06-02 20:01:59,034 : INFO : dropbox : request_json_string_with_retry : Request to sharing/create_shared_link
2021-06-02 20:01:59,741 : INFO : dropbox_connect : __get_file_data : Fetching data for /manju_devi_INB_loging_detail.pdf file
2021-06-02 20:01:59,742 : INFO : dropbox : request_json_string_with_retry : Request to files/download
2021-06-02 20:02:00,357 : INFO : dropbox_connect : __get_file_data : Extracting text from /manju_devi_INB_loging_detail.pdf file
2021-06-02 20:02:00,360 : INFO : dropbox_connect : __get_file_data : Creating shareable link for /manju_devi_INB_loging_detail.pdf file
2021-06-02 20:02:00,360 : INFO : dropbox : request_json_string_with_retry : Request to sharing/create_shared_link
2021-06-02 20:02:01,280 : INFO : dropbox_connect : __get_file_data : Fetching data for /manju_devi_beneficiary_provided_by_CMD.pdf file
2021-06-02 20:02:01,281 : INFO : dropbox : request_json_string_with_retry : Request to files/download
2021-06-02 20:02:01,900 : INFO : dropbox_connect : __get_file_data : Extracting text from /manju_devi_beneficiary_provided_by_CMD.pdf file
2021-06-02 20:02:02,000 : INFO : dropbox_connect : __get_file_data : Creating shareable link for /manju_devi_beneficiary_provided_by_CMD.pdf file
2021-06-02 20:02:02,000 : INFO : dropbox : request_json_string_with_retry : Request to sharing/create_shared_link
2021-06-02 20:02:02,897 : INFO : dropbox_connect : __get_file_data : Fetching data for /ass.pdf file
2021-06-02 20:02:02,897 : INFO : dropbox : request_json_string_with_retry : Request to files/download
2021-06-02 20:02:03,740 : INFO : dropbox_connect : __get_file_data : Extracting text from /ass.pdf file
2021-06-02 20:02:09,443 : INFO : dropbox_connect : __get_file_data : Creating shareable link for /ass.pdf file
2021-06-02 20:02:09,444 : INFO : dropbox : request_json_string_with_retry : Request to sharing/create_shared_link
2021-06-02 20:02:10,300 : INFO : dropbox_connect : get_dropbox_files : Fetching data from dropbox successful
2021-06-02 20:05:42,045 : INFO : db_connect : sync_db : Synchronizing the dropbox files with DB
2021-06-02 20:05:43,700 : INFO : base : log_request_success : GET https://i-o-optimized-deployment-e3e131.es.eastus2.azure.elastic-cloud.com:9243/*/_alias [status:200 request:1.655s]
2021-06-02 20:05:44,086 : INFO : base : log_request_success : PUT https://i-o-optimized-deployment-e3e131.es.eastus2.azure.elastic-cloud.com:9243/dropbox_data [status:200 request:0.386s]
2021-06-02 20:05:44,086 : INFO : db_connect : sync_db : Deleting the previous data from DB
2021-06-02 20:05:44,416 : INFO : base : log_request_success : POST https://i-o-optimized-deployment-e3e131.es.eastus2.azure.elastic-cloud.com:9243/dropbox_data/_delete_by_query [status:200 request:0.329s]
2021-06-02 20:05:44,417 : INFO : db_connect : sync_db : Deletion completed
2021-06-02 20:05:44,417 : INFO : db_connect : sync_db : Updating the DB with the dropbox files data
2021-06-02 20:05:44,417 : ERROR : db_connect : sync_db : The truth value of a DataFrame is ambiguous. Use a.empty, a.bool(), a.item(), a.any() or a.all().
2021-06-02 20:05:44,417 : ERROR : db_connect : sync_db : Synchronization of dropbox with DB failed
2021-06-02 20:07:04,139 : INFO : db_connect : sync_db : Synchronizing the dropbox files with DB
2021-06-02 20:07:05,437 : INFO : base : log_request_success : GET https://i-o-optimized-deployment-e3e131.es.eastus2.azure.elastic-cloud.com:9243/*/_alias [status:200 request:1.298s]
2021-06-02 20:07:05,437 : INFO : db_connect : sync_db : Deleting the previous data from DB
2021-06-02 20:07:05,671 : INFO : base : log_request_success : POST https://i-o-optimized-deployment-e3e131.es.eastus2.azure.elastic-cloud.com:9243/dropbox_data/_delete_by_query [status:200 request:0.234s]
2021-06-02 20:07:05,671 : INFO : db_connect : sync_db : Deletion completed
2021-06-02 20:07:05,672 : INFO : db_connect : sync_db : Updating the DB with the dropbox files data
2021-06-02 20:07:05,682 : ERROR : db_connect : sync_db : The truth value of a DataFrame is ambiguous. Use a.empty, a.bool(), a.item(), a.any() or a.all().
2021-06-02 20:07:05,683 : ERROR : db_connect : sync_db : Synchronization of dropbox with DB failed
2021-06-02 20:08:30,604 : INFO : db_connect : sync_db : Synchronizing the dropbox files with DB
2021-06-02 20:08:32,347 : INFO : base : log_request_success : GET https://i-o-optimized-deployment-e3e131.es.eastus2.azure.elastic-cloud.com:9243/*/_alias [status:200 request:1.743s]
2021-06-02 20:08:32,348 : INFO : db_connect : sync_db : Deleting the previous data from DB
2021-06-02 20:08:32,587 : INFO : base : log_request_success : POST https://i-o-optimized-deployment-e3e131.es.eastus2.azure.elastic-cloud.com:9243/dropbox_data/_delete_by_query [status:200 request:0.238s]
2021-06-02 20:08:32,587 : INFO : db_connect : sync_db : Deletion completed
2021-06-02 20:08:32,587 : INFO : db_connect : sync_db : Updating the DB with the dropbox files data
2021-06-02 20:08:33,170 : INFO : base : log_request_success : POST https://i-o-optimized-deployment-e3e131.es.eastus2.azure.elastic-cloud.com:9243/dropbox_data/_doc [status:201 request:0.568s]
2021-06-02 20:08:33,473 : INFO : base : log_request_success : POST https://i-o-optimized-deployment-e3e131.es.eastus2.azure.elastic-cloud.com:9243/dropbox_data/_doc [status:201 request:0.303s]
2021-06-02 20:08:33,780 : INFO : base : log_request_success : POST https://i-o-optimized-deployment-e3e131.es.eastus2.azure.elastic-cloud.com:9243/dropbox_data/_doc [status:201 request:0.307s]
2021-06-02 20:08:34,068 : INFO : base : log_request_success : POST https://i-o-optimized-deployment-e3e131.es.eastus2.azure.elastic-cloud.com:9243/dropbox_data/_doc [status:201 request:0.287s]
2021-06-02 20:08:34,393 : INFO : base : log_request_success : POST https://i-o-optimized-deployment-e3e131.es.eastus2.azure.elastic-cloud.com:9243/dropbox_data/_doc [status:201 request:0.325s]
2021-06-02 20:08:34,703 : INFO : base : log_request_success : POST https://i-o-optimized-deployment-e3e131.es.eastus2.azure.elastic-cloud.com:9243/dropbox_data/_doc [status:201 request:0.309s]
2021-06-02 20:08:34,936 : INFO : base : log_request_success : POST https://i-o-optimized-deployment-e3e131.es.eastus2.azure.elastic-cloud.com:9243/dropbox_data/_doc [status:201 request:0.233s]
2021-06-02 20:08:36,270 : INFO : base : log_request_success : POST https://i-o-optimized-deployment-e3e131.es.eastus2.azure.elastic-cloud.com:9243/dropbox_data/_doc [status:201 request:1.333s]
2021-06-02 20:08:36,545 : INFO : base : log_request_success : POST https://i-o-optimized-deployment-e3e131.es.eastus2.azure.elastic-cloud.com:9243/dropbox_data/_doc [status:201 request:0.275s]
2021-06-02 20:08:36,556 : INFO : db_connect : sync_db : Update of DB completed
2021-06-02 20:08:36,556 : INFO : db_connect : sync_db : Synchronization of dropbox with DB successful
2021-06-02 20:33:58,809 : INFO : _internal : _log :  * Restarting with windowsapi reloader
2021-06-02 20:34:00,196 : WARNING : _internal : _log :  * Debugger is active!
2021-06-02 20:34:00,204 : INFO : _internal : _log :  * Debugger PIN: 465-827-571
2021-06-02 20:34:00,220 : INFO : _internal : _log :  * Running on http://127.0.0.1:5000/ (Press CTRL+C to quit)
2021-06-02 20:34:31,480 : INFO : _internal : _log :  * Restarting with windowsapi reloader
2021-06-02 20:34:32,878 : WARNING : _internal : _log :  * Debugger is active!
2021-06-02 20:34:32,885 : INFO : _internal : _log :  * Debugger PIN: 465-827-571
2021-06-02 20:34:32,900 : INFO : _internal : _log :  * Running on http://127.0.0.1:5000/ (Press CTRL+C to quit)
2021-06-02 20:34:58,178 : INFO : _internal : _log : 127.0.0.1 - - [02/Jun/2021 20:34:58] "[37mGET /search HTTP/1.1[0m" 200 -
2021-06-02 20:34:58,312 : INFO : _internal : _log : 127.0.0.1 - - [02/Jun/2021 20:34:58] "[33mGET /favicon.ico HTTP/1.1[0m" 404 -
2021-06-02 20:35:09,663 : INFO : _internal : _log : 127.0.0.1 - - [02/Jun/2021 20:35:09] "[37mGET /search?Abhilash HTTP/1.1[0m" 200 -
2021-06-02 20:35:21,859 : INFO : _internal : _log : 127.0.0.1 - - [02/Jun/2021 20:35:21] "[37mGET /search?q=Abhilash HTTP/1.1[0m" 200 -
2021-06-02 20:35:59,156 : INFO : _internal : _log : 127.0.0.1 - - [02/Jun/2021 20:35:59] "[37mGET /search?q=%22Abhilash%20Raj%20Kumar%20Sharma%22 HTTP/1.1[0m" 200 -
2021-06-02 20:36:12,806 : INFO : _internal : _log :  * Detected change in 'D:\\BorneoAssignment\\search_api.py', reloading
2021-06-02 20:36:12,807 : INFO : _internal : _log :  * Detected change in 'D:\\BorneoAssignment\\search_api.py', reloading
2021-06-02 20:36:13,947 : INFO : _internal : _log :  * Restarting with windowsapi reloader
2021-06-02 20:36:15,346 : WARNING : _internal : _log :  * Debugger is active!
2021-06-02 20:36:15,352 : INFO : _internal : _log :  * Debugger PIN: 465-827-571
2021-06-02 20:36:15,367 : INFO : _internal : _log :  * Running on http://127.0.0.1:5000/ (Press CTRL+C to quit)
