2021-06-03 00:02:30,920 : WARNING : _internal : _log :  * Debugger is active!
2021-06-03 00:02:30,928 : INFO : _internal : _log :  * Debugger PIN: 465-827-571
2021-06-03 00:02:30,945 : INFO : _internal : _log :  * Running on http://127.0.0.1:5000/ (Press CTRL+C to quit)
2021-06-03 00:02:58,896 : INFO : search_api : search : Request received
2021-06-03 00:02:58,897 : INFO : search_api : search : Search query received for Abhilash Raj
2021-06-03 00:02:58,897 : INFO : search_api : search : Searching the DB
2021-06-03 00:02:58,897 : INFO : db_connect : search_db : Creating query to perform the search
2021-06-03 00:02:58,897 : INFO : db_connect : search_db : Searching the DB for Abhilash Raj
2021-06-03 00:03:00,250 : INFO : base : log_request_success : GET https://i-o-optimized-deployment-e3e131.es.eastus2.azure.elastic-cloud.com:9243/dropbox_data/_search [status:200 request:1.351s]
2021-06-03 00:03:00,250 : INFO : db_connect : search_db : Matches found in the DB
2021-06-03 00:03:00,251 : INFO : search_api : search : Files found containing Abhilash Raj
2021-06-03 00:03:00,252 : INFO : _internal : _log : 127.0.0.1 - - [03/Jun/2021 00:03:00] "[37mGET /search?q=%22Abhilash%20Raj%22 HTTP/1.1[0m" 200 -
2021-06-03 00:03:43,696 : INFO : search_api : search : Request received
2021-06-03 00:03:43,696 : INFO : search_api : search : Search query received for 
2021-06-03 00:03:43,696 : INFO : search_api : search : Searching the DB
2021-06-03 00:03:43,697 : INFO : db_connect : search_db : Creating query to perform the search
2021-06-03 00:03:43,697 : INFO : db_connect : search_db : Searching the DB for 
2021-06-03 00:03:44,079 : INFO : base : log_request_success : GET https://i-o-optimized-deployment-e3e131.es.eastus2.azure.elastic-cloud.com:9243/dropbox_data/_search [status:200 request:0.381s]
2021-06-03 00:03:45,647 : INFO : db_connect : search_db : No matches for 
2021-06-03 00:03:45,647 : WARNING : search_api : search : No files found in db containing 
2021-06-03 00:03:45,649 : INFO : _internal : _log : 127.0.0.1 - - [03/Jun/2021 00:03:45] "[33mGET /search?q=%22%22 HTTP/1.1[0m" 404 -
2021-06-03 00:04:20,684 : INFO : search_api : search : Request received
2021-06-03 00:04:20,684 : INFO : search_api : search : Search query received for 
2021-06-03 00:04:20,684 : INFO : search_api : search : Searching the DB
2021-06-03 00:04:20,685 : INFO : db_connect : search_db : Creating query to perform the search
2021-06-03 00:04:20,685 : INFO : db_connect : search_db : Searching the DB for 
2021-06-03 00:04:20,942 : INFO : base : log_request_success : GET https://i-o-optimized-deployment-e3e131.es.eastus2.azure.elastic-cloud.com:9243/dropbox_data/_search [status:200 request:0.257s]
2021-06-03 00:04:20,942 : INFO : db_connect : search_db : No matches for 
2021-06-03 00:04:20,943 : WARNING : search_api : search : No files found in db containing 
2021-06-03 00:04:20,944 : INFO : _internal : _log : 127.0.0.1 - - [03/Jun/2021 00:04:20] "[33mGET /search?q= HTTP/1.1[0m" 404 -
2021-06-03 00:07:54,780 : INFO : _internal : _log :  * Detected change in 'D:\\BorneoAssignment\\search_api.py', reloading
2021-06-03 00:07:54,780 : INFO : _internal : _log :  * Detected change in 'D:\\BorneoAssignment\\search_api.py', reloading
2021-06-03 00:07:57,370 : WARNING : _internal : _log :  * Debugger is active!
2021-06-03 00:07:57,377 : INFO : _internal : _log :  * Debugger PIN: 465-827-571
2021-06-03 00:07:57,392 : INFO : _internal : _log :  * Running on http://127.0.0.1:5000/ (Press CTRL+C to quit)
2021-06-03 00:08:35,510 : INFO : search_api : search : Request received
2021-06-03 00:08:35,510 : INFO : search_api : search : Search query received for 
2021-06-03 00:08:35,510 : ERROR : search_api : search : No search phrase in query
2021-06-03 00:08:35,511 : INFO : _internal : _log : 127.0.0.1 - - [03/Jun/2021 00:08:35] "[31m[1mGET /search?q= HTTP/1.1[0m" 400 -
2021-06-03 00:08:55,557 : INFO : search_api : search : Request received
2021-06-03 00:08:55,558 : INFO : search_api : search : Search query received for 
2021-06-03 00:08:55,558 : ERROR : search_api : search : No search phrase in query
2021-06-03 00:08:55,558 : INFO : _internal : _log : 127.0.0.1 - - [03/Jun/2021 00:08:55] "[31m[1mGET /search?q=%22%22 HTTP/1.1[0m" 400 -
2021-06-03 00:09:17,517 : INFO : _internal : _log :  * Detected change in 'D:\\BorneoAssignment\\search_api.py', reloading
2021-06-03 00:09:17,518 : INFO : _internal : _log :  * Detected change in 'D:\\BorneoAssignment\\search_api.py', reloading
2021-06-03 00:09:20,008 : WARNING : _internal : _log :  * Debugger is active!
2021-06-03 00:09:20,014 : INFO : _internal : _log :  * Debugger PIN: 465-827-571
2021-06-03 00:09:20,029 : INFO : _internal : _log :  * Running on http://127.0.0.1:5000/ (Press CTRL+C to quit)
2021-06-03 00:10:01,144 : INFO : _internal : _log :  * Detected change in 'D:\\BorneoAssignment\\search_api.py', reloading
